#
# A fatal error has been detected by the Java Runtime Environment:
#
#  EXCEPTION_ACCESS_VIOLATION (0xc0000005) at pc=0x00007ffc4399eefc, pid=11764, tid=21308
#
# JRE version: OpenJDK Runtime Environment (14.0.2+12) (build 14.0.2+12-46)
# Java VM: OpenJDK 64-Bit Server VM (14.0.2+12-46, mixed mode, sharing, tiered, compressed oops, g1 gc, windows-amd64)
# Problematic frame:
# V  [jvm.dll+0x2eeefc]
#
# No core dump will be written. Minidumps are not enabled by default on client versions of Windows
#
# If you would like to submit a bug report, please visit:
#   https://bugreport.java.com/bugreport/crash.jsp
#

---------------  S U M M A R Y ------------

Command Line: -XX:+ShowCodeDetailsInExceptionMessages -agentlib:jdwp=transport=dt_socket,suspend=y,address=localhost:63766 -javaagent:C:\dev\java\eclipse-2020.09\configuration\org.eclipse.osgi\406\0\.cp\lib\javaagent-shaded.jar -Dfile.encoding=Cp1252 --module-path=D:\Nicol\Documents\ecole_3_2021\java\commons-lang3-3.8.1.jar;D:\Nicol\Documents\ecole_3_2021\java\commons-logging-1.2.jar;D:\Nicol\Documents\ecole_3_2021\java\hsqldb-2.5.0.jar;D:\Nicol\Documents\ecole_3_2021\java\jackcess-3.0.1.jar;D:\Nicol\Documents\ecole_3_2021\java\jcalendar-1.4.jar;D:\Nicol\Documents\ecole_3_2021\java\jdatepicker-1.3.4.jar;D:\Nicol\Documents\ecole_3_2021\java\ucanaccess-5.0.0.jar be.lamattina.jframe.JCreationSpectacle

Host: Intel(R) Core(TM) i5-10400F CPU @ 2.90GHz, 12 cores, 31G,  Windows 10 , 64 bit Build 19041 (10.0.19041.1023)
Time: Sat Aug 14 19:57:27 2021 Paris, Madrid (heure d’été) elapsed time: 193 seconds (0d 0h 3m 13s)

---------------  T H R E A D  ---------------

Current thread (0x00000267c2208800):  JavaThread "JDWP Transport Listener: dt_socket" daemon [_thread_in_vm, id=21308, stack(0x000000844f800000,0x000000844f900000)] _threads_hazard_ptr=0x00000267c1bb82d0

Stack: [0x000000844f800000,0x000000844f900000],  sp=0x000000844f8fe910,  free space=1018k
Native frames: (J=compiled Java code, j=interpreted, Vv=VM code, C=native code)
V  [jvm.dll+0x2eeefc]
V  [jvm.dll+0x2f0fbd]
V  [jvm.dll+0x2f18fe]
V  [jvm.dll+0x2ef19c]
V  [jvm.dll+0x2ee3d2]
V  [jvm.dll+0x5e7b55]
V  [jvm.dll+0x5e78dd]
V  [jvm.dll+0x5af8e3]
V  [jvm.dll+0x739aef]
V  [jvm.dll+0x4bee61]
V  [jvm.dll+0x74908b]
V  [jvm.dll+0x4a54ee]
V  [jvm.dll+0x46ee7b]
C  [jdwp.dll+0x751f]


siginfo: EXCEPTION_ACCESS_VIOLATION (0xc0000005), reading address 0x0000000000000006


Register to memory mapping:

RIP=0x00007ffc4399eefc jvm.dll
RAX=0x0 is NULL
RBX=0x000000844f8febc0 is pointing into the stack for thread: 0x00000267c2208800
RCX=0x0 is NULL
RDX=0x0 is NULL
RSP=0x000000844f8fe910 is pointing into the stack for thread: 0x00000267c2208800
RBP=0x0 is NULL
RSI=0x0000000000000001 is an unknown value
RDI=0x00007ffc440efe48 jvm.dll
R8 =0x0 is NULL
R9 =0x00000267cd60efb0 is pointing into metadata
R10=0x00007ffc436b0000 jvm.dll
R11=0x000000844f8fe970 is pointing into the stack for thread: 0x00000267c2208800
R12=0x00000267c9771980 points into unknown readable memory: 00 00 00 00 14 00 00 00
R13=0x0000000000000050 is an unknown value
R14=0x00000267cd60f8b9 is pointing into metadata
R15=0x0000000000000053 is an unknown value


Registers:
RAX=0x0000000000000000, RBX=0x000000844f8febc0, RCX=0x0000000000000000, RDX=0x0000000000000000
RSP=0x000000844f8fe910, RBP=0x0000000000000000, RSI=0x0000000000000001, RDI=0x00007ffc440efe48
R8 =0x0000000000000000, R9 =0x00000267cd60efb0, R10=0x00007ffc436b0000, R11=0x000000844f8fe970
R12=0x00000267c9771980, R13=0x0000000000000050, R14=0x00000267cd60f8b9, R15=0x0000000000000053
RIP=0x00007ffc4399eefc, EFLAGS=0x0000000000010206

Top of Stack: (sp=0x000000844f8fe910)
0x000000844f8fe910:   000000844f8febc0 00007ffc439a1fac
0x000000844f8fe920:   000000844f8febc0 0000000000000000
0x000000844f8fe930:   000000004fffffff 00007ffc437b8d6e
0x000000844f8fe940:   000000004600001f 00007ffcc7922e0b
0x000000844f8fe950:   0000418adfc31225 0000000000000222
0x000000844f8fe960:   00000267cd60f8b9 000000844f8fea20
0x000000844f8fe970:   000000844f8febc0 00007ffc439a0fbd
0x000000844f8fe980:   00000267cd60f8b8 0000000000000029
0x000000844f8fe990:   000000844f8fea50 00007ffc439b350a
0x000000844f8fe9a0:   0000008400000029 6666666666666667
0x000000844f8fe9b0:   0000000000000000 00000267cd60f8a1
0x000000844f8fe9c0:   000000844f8fea20 00007ffc437b8d6e
0x000000844f8fe9d0:   00000267cd60fb28 00000267c9771b60
0x000000844f8fe9e0:   0000000000000053 00000000000000cb
0x000000844f8fe9f0:   00000000000000b4 00007ffc439a18fe
0x000000844f8fea00:   000000844f8febc0 000000844f8fea50 

Instructions: (pc=0x00007ffc4399eefc)
0x00007ffc4399edfc:   81 8b 75 58 41 81 e0 ff ff ff 00 41 81 c8 00 00
0x00007ffc4399ee0c:   00 47 48 8b cd 45 89 06 c7 45 58 01 00 00 00 e8
0x00007ffc4399ee1c:   20 3a 00 00 66 83 7c 24 68 00 41 89 1e 89 75 58
0x00007ffc4399ee2c:   74 40 8b 4c 24 70 49 ff c7 0f b7 c1 48 83 c7 08
0x00007ffc4399ee3c:   4c 3b f8 0f 8c 4b ff ff ff 83 7d 5c 00 74 23 48
0x00007ffc4399ee4c:   83 3d fd 10 75 00 00 74 15 80 7d 42 00 74 0f 48
0x00007ffc4399ee5c:   8d 15 06 6c 56 00 48 8b cd e8 76 44 00 00 c6 45
0x00007ffc4399ee6c:   42 00 4c 8b 74 24 28 4c 8b 6c 24 30 4c 8b 64 24
0x00007ffc4399ee7c:   38 48 8b 7c 24 40 48 8b 74 24 48 48 8b 5c 24 60
0x00007ffc4399ee8c:   4c 8b 7c 24 20 48 83 c4 50 5d c3 cc cc cc cc cc
0x00007ffc4399ee9c:   cc cc cc cc 48 89 5c 24 10 48 89 6c 24 18 56 57
0x00007ffc4399eeac:   41 56 48 83 ec 50 48 8b 05 3f 49 70 00 48 33 c4
0x00007ffc4399eebc:   48 89 44 24 40 48 8b 41 08 48 8b d9 41 8b e8 8b
0x00007ffc4399eecc:   f2 45 33 c0 41 8b d1 48 8b 48 08 48 8b 79 08 48
0x00007ffc4399eedc:   8b cf e8 7d 77 f1 ff 8b d0 48 8b cf e8 c3 a0 f1
0x00007ffc4399eeec:   ff 48 63 c8 48 8b 44 cf 40 48 8d 3d 4c 0f 75 00
0x00007ffc4399eefc:   0f b6 48 06 8b 05 3e 0f 75 00 80 f9 4c 74 2b 80
0x00007ffc4399ef0c:   f9 5b 74 26 80 f9 4a 74 18 80 f9 44 74 13 80 f9
0x00007ffc4399ef1c:   56 48 8d 15 34 0f 75 00 4c 8b d7 4c 0f 45 d2 eb
0x00007ffc4399ef2c:   29 4c 8d 15 54 0f 75 00 eb 20 8b 8c 24 90 00 00
0x00007ffc4399ef3c:   00 4c 8d 54 24 30 81 e1 ff ff ff 00 89 44 24 34
0x00007ffc4399ef4c:   81 c9 00 00 00 46 89 4c 24 30 45 33 c0 85 f6 74
0x00007ffc4399ef5c:   05 49 8b fa eb 2a 41 8b 0a 85 c9 74 23 49 8b d0
0x00007ffc4399ef6c:   4d 8b c8 90 42 89 4c 0c 20 48 8d 52 01 4c 8d 0c
0x00007ffc4399ef7c:   95 00 00 00 00 41 ff c0 43 8b 0c 11 85 c9 75 e4
0x00007ffc4399ef8c:   85 ed 75 10 8b 0d ee 13 6d 00 49 63 d0 41 ff c0
0x00007ffc4399ef9c:   89 4c 94 20 49 63 c8 4c 8d 74 24 20 89 44 8c 20
0x00007ffc4399efac:   8b 74 24 20 85 f6 74 4c 48 63 53 58 85 d2 7f 18
0x00007ffc4399efbc:   48 8d 15 6d 82 52 00 48 8b cb e8 15 4e 00 00 44
0x00007ffc4399efcc:   8b 05 7e 0e 75 00 eb 16 48 63 4b 20 8d 42 ff 89
0x00007ffc4399efdc:   43 58 48 03 ca 48 8b 43 48 44 8b 44 88 fc 8b d6
0x00007ffc4399efec:   48 8b cb e8 1c f1 ff ff 41 8b 76 04 49 83 c6 04 


Stack slot to memory mapping:
stack at sp + 0 slots: 0x000000844f8febc0 is pointing into the stack for thread: 0x00000267c2208800
stack at sp + 1 slots: 0x00007ffc439a1fac jvm.dll
stack at sp + 2 slots: 0x000000844f8febc0 is pointing into the stack for thread: 0x00000267c2208800
stack at sp + 3 slots: 0x0 is NULL
stack at sp + 4 slots: 0x000000004fffffff is an unknown value
stack at sp + 5 slots: 0x00007ffc437b8d6e jvm.dll
stack at sp + 6 slots: 0x000000004600001f is an unknown value
stack at sp + 7 slots: 0x00007ffcc7922e0b ucrtbase.dll


---------------  P R O C E S S  ---------------

Threads class SMR info:
_java_thread_list=0x00000267c1bb82d0, length=21, elements={
0x00000267c1115800, 0x00000267c1117800, 0x00000267c111d800, 0x00000267c111e800,
0x00000267c1a57800, 0x00000267c1a59800, 0x00000267c1a5a800, 0x00000267c1a6f800,
0x00000267c1b8f000, 0x00000267c2208800, 0x00000267c1ebe800, 0x00000267c1c89800,
0x00000267c21dc800, 0x00000267c2054800, 0x00000267c223c800, 0x00000267c223e000,
0x00000267c228a800, 0x000002679370c800, 0x00000267c927e800, 0x00000267c930f000,
0x00000267c9413800
}

Java Threads: ( => current thread )
  0x00000267c1115800 JavaThread "Reference Handler" daemon [_thread_blocked, id=3476, stack(0x000000844ed00000,0x000000844ee00000)]
  0x00000267c1117800 JavaThread "Finalizer" daemon [_thread_blocked, id=2736, stack(0x000000844ee00000,0x000000844ef00000)]
  0x00000267c111d800 JavaThread "Signal Dispatcher" daemon [_thread_blocked, id=2804, stack(0x000000844ef00000,0x000000844f000000)]
  0x00000267c111e800 JavaThread "Attach Listener" daemon [_thread_blocked, id=20948, stack(0x000000844f000000,0x000000844f100000)]
  0x00000267c1a57800 JavaThread "Service Thread" daemon [_thread_blocked, id=16708, stack(0x000000844f100000,0x000000844f200000)]
  0x00000267c1a59800 JavaThread "C2 CompilerThread0" daemon [_thread_blocked, id=22824, stack(0x000000844f200000,0x000000844f300000)]
  0x00000267c1a5a800 JavaThread "C1 CompilerThread0" daemon [_thread_blocked, id=18408, stack(0x000000844f300000,0x000000844f400000)]
  0x00000267c1a6f800 JavaThread "Sweeper thread" daemon [_thread_blocked, id=6056, stack(0x000000844f400000,0x000000844f500000)]
  0x00000267c1b8f000 JavaThread "Common-Cleaner" daemon [_thread_blocked, id=2244, stack(0x000000844f500000,0x000000844f600000)]
=>0x00000267c2208800 JavaThread "JDWP Transport Listener: dt_socket" daemon [_thread_in_vm, id=21308, stack(0x000000844f800000,0x000000844f900000)]
  0x00000267c1ebe800 JavaThread "JDWP Event Helper Thread" daemon [_thread_blocked, id=8676, stack(0x000000844f900000,0x000000844fa00000)]
  0x00000267c1c89800 JavaThread "JDWP Command Reader" daemon [_thread_in_native, id=19796, stack(0x000000844fa00000,0x000000844fb00000)]
  0x00000267c21dc800 JavaThread "Notification Thread" daemon [_thread_blocked, id=4048, stack(0x000000844f700000,0x000000844f800000)]
  0x00000267c2054800 JavaThread "Java2D Disposer" daemon [_thread_blocked, id=22224, stack(0x000000844fc00000,0x000000844fd00000)]
  0x00000267c223c800 JavaThread "AWT-Shutdown" [_thread_blocked, id=20532, stack(0x000000844fd00000,0x000000844fe00000)]
  0x00000267c223e000 JavaThread "AWT-Windows" daemon [_thread_in_native, id=4512, stack(0x000000844fe00000,0x000000844ff00000)]
  0x00000267c228a800 JavaThread "AWT-EventQueue-0" [_thread_blocked, id=18128, stack(0x000000844f600000,0x000000844f700000)]
  0x000002679370c800 JavaThread "DestroyJavaVM" [_thread_blocked, id=23080, stack(0x000000844e600000,0x000000844e700000)]
  0x00000267c927e800 JavaThread "TimerQueue" daemon [_thread_blocked, id=15120, stack(0x0000008450180000,0x0000008450280000)]
  0x00000267c930f000 JavaThread "D3D Screen Updater" daemon [_thread_blocked, id=23320, stack(0x0000008450580000,0x0000008450680000)]
  0x00000267c9413800 JavaThread "MemoryTimer-bosquet_wallon.accdb" daemon [_thread_blocked, id=4688, stack(0x00000084507f0000,0x00000084508f0000)]

Other Threads:
  0x00000267c1110800 VMThread "VM Thread" [stack: 0x000000844ec00000,0x000000844ed00000] [id=16172]
  0x00000267c21dd000 WatcherThread [stack: 0x000000844fb00000,0x000000844fc00000] [id=22504]
  0x000002679157b800 GCTaskThread "GC Thread#0" [stack: 0x000000844e700000,0x000000844e800000] [id=16972]
  0x00000267c9409000 GCTaskThread "GC Thread#1" [stack: 0x00000084508f0000,0x00000084509f0000] [id=21684]
  0x00000267c93ac000 GCTaskThread "GC Thread#2" [stack: 0x00000084509f0000,0x0000008450af0000] [id=3704]
  0x00000267c9436000 GCTaskThread "GC Thread#3" [stack: 0x0000008450af0000,0x0000008450bf0000] [id=3236]
  0x00000267c9437800 GCTaskThread "GC Thread#4" [stack: 0x0000008450bf0000,0x0000008450cf0000] [id=19684]
  0x00000267c9438000 GCTaskThread "GC Thread#5" [stack: 0x0000008450cf0000,0x0000008450df0000] [id=21980]
  0x00000267c9438800 GCTaskThread "GC Thread#6" [stack: 0x0000008450df0000,0x0000008450ef0000] [id=22292]
  0x00000267c943d000 GCTaskThread "GC Thread#7" [stack: 0x0000008450ef0000,0x0000008450ff0000] [id=19708]
  0x00000267c9439800 GCTaskThread "GC Thread#8" [stack: 0x0000008450ff0000,0x00000084510f0000] [id=21588]
  0x00000267c943a000 GCTaskThread "GC Thread#9" [stack: 0x00000084510f0000,0x00000084511f0000] [id=1872]
  0x00000267937b0000 ConcurrentGCThread "G1 Main Marker" [stack: 0x000000844e800000,0x000000844e900000] [id=4756]
  0x00000267937b1800 ConcurrentGCThread "G1 Conc#0" [stack: 0x000000844e900000,0x000000844ea00000] [id=22868]
  0x00000267c943b800 ConcurrentGCThread "G1 Conc#1" [stack: 0x000000844e300000,0x000000844e400000] [id=15060]
  0x00000267c943a800 ConcurrentGCThread "G1 Conc#2" [stack: 0x000000844e400000,0x000000844e500000] [id=22844]
  0x00000267c109d800 ConcurrentGCThread "G1 Refine#0" [stack: 0x000000844ea00000,0x000000844eb00000] [id=10908]
  0x00000267c109e800 ConcurrentGCThread "G1 Young RemSet Sampling" [stack: 0x000000844eb00000,0x000000844ec00000] [id=5992]

Threads with active compile tasks:

VM state:not at safepoint (normal execution)

VM Mutex/Monitor currently owned by a thread: None

Heap address: 0x0000000601a00000, size: 8166 MB, Compressed Oops mode: Zero based, Oop shift amount: 3
Narrow klass base: 0x0000000800000000, Narrow klass shift: 3
Compressed class space size: 1073741824 Address: 0x0000000800b30000

Heap:
 garbage-first heap   total 49152K, used 16057K [0x0000000601a00000, 0x0000000800000000)
  region size 2048K, 8 young (16384K), 3 survivors (6144K)
 Metaspace       used 21732K, capacity 22185K, committed 22400K, reserved 1069056K
  class space    used 2225K, capacity 2396K, committed 2432K, reserved 1048576K
Heap Regions: E=young(eden), S=young(survivor), O=old, HS=humongous(starts), HC=humongous(continues), CS=collection set, F=free, OA=open archive, CA=closed archive, TAMS=top-at-mark-start (previous, next)
|   0|0x0000000601a00000, 0x0000000601c00000, 0x0000000601c00000|100%| O|  |TAMS 0x0000000601c00000, 0x0000000601a00000| Untracked 
|   1|0x0000000601c00000, 0x0000000601cecc00, 0x0000000601e00000| 46%| O|  |TAMS 0x0000000601cecc00, 0x0000000601c00000| Untracked 
|   2|0x0000000601e00000, 0x0000000601e00000, 0x0000000602000000|  0%| F|  |TAMS 0x0000000601e00000, 0x0000000601e00000| Untracked 
|   3|0x0000000602000000, 0x0000000602000000, 0x0000000602200000|  0%| F|  |TAMS 0x0000000602000000, 0x0000000602000000| Untracked 
|   4|0x0000000602200000, 0x0000000602200000, 0x0000000602400000|  0%| F|  |TAMS 0x0000000602200000, 0x0000000602200000| Untracked 
|   5|0x0000000602400000, 0x0000000602400000, 0x0000000602600000|  0%| F|  |TAMS 0x0000000602400000, 0x0000000602400000| Untracked 
|   6|0x0000000602600000, 0x0000000602600000, 0x0000000602800000|  0%| F|  |TAMS 0x0000000602600000, 0x0000000602600000| Untracked 
|   7|0x0000000602800000, 0x0000000602800000, 0x0000000602a00000|  0%| F|  |TAMS 0x0000000602800000, 0x0000000602800000| Untracked 
|   8|0x0000000602a00000, 0x0000000602a00000, 0x0000000602c00000|  0%| F|  |TAMS 0x0000000602a00000, 0x0000000602a00000| Untracked 
|   9|0x0000000602c00000, 0x0000000602c00000, 0x0000000602e00000|  0%| F|  |TAMS 0x0000000602c00000, 0x0000000602c00000| Untracked 
|  10|0x0000000602e00000, 0x0000000602e00000, 0x0000000603000000|  0%| F|  |TAMS 0x0000000602e00000, 0x0000000602e00000| Untracked 
|  11|0x0000000603000000, 0x0000000603000000, 0x0000000603200000|  0%| F|  |TAMS 0x0000000603000000, 0x0000000603000000| Untracked 
|  12|0x0000000603200000, 0x0000000603200000, 0x0000000603400000|  0%| F|  |TAMS 0x0000000603200000, 0x0000000603200000| Untracked 
|  13|0x0000000603400000, 0x0000000603400000, 0x0000000603600000|  0%| F|  |TAMS 0x0000000603400000, 0x0000000603400000| Untracked 
|  14|0x0000000603600000, 0x0000000603600000, 0x0000000603800000|  0%| F|  |TAMS 0x0000000603600000, 0x0000000603600000| Untracked 
|  15|0x0000000603800000, 0x0000000603800000, 0x0000000603a00000|  0%| F|  |TAMS 0x0000000603800000, 0x0000000603800000| Untracked 
|  16|0x0000000603a00000, 0x0000000603c00000, 0x0000000603c00000|100%| E|  |TAMS 0x0000000603a00000, 0x0000000603a00000| Complete 
|  17|0x0000000603c00000, 0x0000000603e00000, 0x0000000603e00000|100%| E|CS|TAMS 0x0000000603c00000, 0x0000000603c00000| Complete 
|  18|0x0000000603e00000, 0x0000000604000000, 0x0000000604000000|100%| E|CS|TAMS 0x0000000603e00000, 0x0000000603e00000| Complete 
| 231|0x000000061e800000, 0x000000061e8c1bf0, 0x000000061ea00000| 37%| S|CS|TAMS 0x000000061e800000, 0x000000061e800000| Complete 
| 232|0x000000061ea00000, 0x000000061ec00000, 0x000000061ec00000|100%| S|CS|TAMS 0x000000061ea00000, 0x000000061ea00000| Complete 
| 233|0x000000061ec00000, 0x000000061ee00000, 0x000000061ee00000|100%| S|CS|TAMS 0x000000061ec00000, 0x000000061ec00000| Complete 
| 254|0x0000000621600000, 0x0000000621800000, 0x0000000621800000|100%| E|CS|TAMS 0x0000000621600000, 0x0000000621600000| Complete 
| 255|0x0000000621800000, 0x0000000621a00000, 0x0000000621a00000|100%| E|CS|TAMS 0x0000000621800000, 0x0000000621800000| Complete 

Card table byte_map: [0x00000267ac420000,0x00000267ad420000] _byte_map_base: 0x00000267a9413000

Marking Bits (Prev, Next): (CMBitMap*) 0x000002679157cd28, (CMBitMap*) 0x000002679157cce8
 Prev Bits: [0x00000267b63c0000, 0x00000267be358000)
 Next Bits: [0x00000267ae420000, 0x00000267b63b8000)

Polling page: 0x0000026791460000

Metaspace:

Usage:
  Non-class:     19.33 MB capacity,    19.05 MB ( 99%) used,   237.48 KB (  1%) free+waste,    45.06 KB ( <1%) overhead. 
      Class:      2.34 MB capacity,     2.17 MB ( 93%) used,   147.94 KB (  6%) free+waste,    22.38 KB ( <1%) overhead. 
       Both:     21.67 MB capacity,    21.22 MB ( 98%) used,   385.42 KB (  2%) free+waste,    67.44 KB ( <1%) overhead. 

Virtual space:
  Non-class space:       20.00 MB reserved,      19.50 MB ( 98%) committed 
      Class space:        1.00 GB reserved,       2.38 MB ( <1%) committed 
             Both:        1.02 GB reserved,      21.88 MB (  2%) committed 

Chunk freelists:
   Non-Class:  51.00 KB
       Class:  4.00 KB
        Both:  55.00 KB

MaxMetaspaceSize: 17179869184.00 GB
CompressedClassSpaceSize: 1.00 GB

CodeHeap 'non-profiled nmethods': size=120000Kb used=1279Kb max_used=1353Kb free=118720Kb
 bounds [0x00000267a3990000, 0x00000267a3c00000, 0x00000267aaec0000]
CodeHeap 'profiled nmethods': size=120000Kb used=5206Kb max_used=6167Kb free=114793Kb
 bounds [0x000002679c460000, 0x000002679ca70000, 0x00000267a3990000]
CodeHeap 'non-nmethods': size=5760Kb used=1495Kb max_used=1525Kb free=4264Kb
 bounds [0x000002679bec0000, 0x000002679c130000, 0x000002679c460000]
 total_blobs=3229 nmethods=2503 adapters=638
 compilation: enabled
              stopped_count=0, restarted_count=0
 full_count=0

Compilation events (20 events):
Event: 142.169 Thread 0x00000267c1a59800 2832 %     4       org.eclipse.jdt.launching.internal.org.objectweb.asm.ByteVector::encodeUtf8 @ 12 (337 bytes)
Event: 142.190 Thread 0x00000267c1a59800 

Event: 143.531 Thread 0x00000267c1a5a800 2836       3       java.awt.EventQueue::coalesceMouseEvent (44 bytes)
Event: 143.531 Thread 0x00000267c1a59800 2837       4       java.awt.EventQueue::eventToCacheIndex (80 bytes)
Event: 143.532 Thread 0x00000267c1a5a800 nmethod 2836 0x000002679c61c610 code [0x000002679c61c7e0, 0x000002679c61cc88]
Event: 143.533 Thread 0x00000267c1a59800 nmethod 2837 0x00000267a3aa8290 code [0x00000267a3aa8440, 0x00000267a3aa8598]
Event: 143.533 Thread 0x00000267c1a59800 2838   !   4       java.awt.EventQueue::postEventPrivate (104 bytes)
Event: 143.613 Thread 0x00000267c1a59800 nmethod 2838 0x00000267a3aafe10 code [0x00000267a3ab0560, 0x00000267a3ab41b0]
Event: 143.681 Thread 0x00000267c1a5a800 2840  s    3       sun.java2d.d3d.D3DRenderQueue::getInstance (33 bytes)
Event: 143.682 Thread 0x00000267c1a5a800 nmethod 2840 0x000002679c48b210 code [0x000002679c48b460, 0x000002679c48c0f8]
Event: 182.724 Thread 0x00000267c1a59800 2841       4       org.eclipse.jdt.launching.internal.org.objectweb.asm.ClassReader::readField (667 bytes)
Event: 182.843 Thread 0x00000267c1a59800 

Event: 182.844 Thread 0x00000267c1a59800 2842       4       org.eclipse.jdt.launching.internal.org.objectweb.asm.ClassVisitor::visitField (24 bytes)
Event: 182.854 Thread 0x00000267c1a59800 nmethod 2842 0x00000267a3a36c90 code [0x00000267a3a36ec0, 0x00000267a3a37750]
Event: 192.195 Thread 0x00000267c1a59800 2843       4       sun.awt.SunToolkit::postEvent (144 bytes)
Event: 192.252 Thread 0x00000267c1a59800 nmethod 2843 0x00000267a39ea090 code [0x00000267a39ea620, 0x00000267a39ed0d0]
Event: 192.252 Thread 0x00000267c1a59800 2844   !   4       sun.awt.PostEventQueue::postEvent (81 bytes)
Event: 192.291 Thread 0x00000267c1a59800 nmethod 2844 0x00000267a3aad190 code [0x00000267a3aad580, 0x00000267a3aaf3b8]
Event: 192.752 Thread 0x00000267c1a5a800 2845       1       java.util.LinkedList::size (5 bytes)
Event: 192.752 Thread 0x00000267c1a5a800 nmethod 2845 0x00000267a3a36910 code [0x00000267a3a36aa0, 0x00000267a3a36b78]

GC Heap History (6 events):
Event: 2.101 GC heap before
{Heap before GC invocations=0 (full 0):
 garbage-first heap   total 524288K, used 22528K [0x0000000601a00000, 0x0000000800000000)
  region size 2048K, 12 young (24576K), 0 survivors (0K)
 Metaspace       used 11733K, capacity 12153K, committed 12288K, reserved 1060864K
  class space    used 1327K, capacity 1485K, committed 1536K, reserved 1048576K
}
Event: 2.107 GC heap after
{Heap after GC invocations=1 (full 0):
 garbage-first heap   total 524288K, used 3188K [0x0000000601a00000, 0x0000000800000000)
  region size 2048K, 2 young (4096K), 2 survivors (4096K)
 Metaspace       used 11733K, capacity 12153K, committed 12288K, reserved 1060864K
  class space    used 1327K, capacity 1485K, committed 1536K, reserved 1048576K
}
Event: 2.414 GC heap before
{Heap before GC invocations=1 (full 0):
 garbage-first heap   total 524288K, used 38004K [0x0000000601a00000, 0x0000000800000000)
  region size 2048K, 19 young (38912K), 2 survivors (4096K)
 Metaspace       used 16275K, capacity 16619K, committed 16768K, reserved 1064960K
  class space    used 1709K, capacity 1886K, committed 1920K, reserved 1048576K
}
Event: 2.420 GC heap after
{Heap after GC invocations=2 (full 0):
 garbage-first heap   total 524288K, used 5043K [0x0000000601a00000, 0x0000000800000000)
  region size 2048K, 1 young (2048K), 1 survivors (2048K)
 Metaspace       used 16275K, capacity 16619K, committed 16768K, reserved 1064960K
  class space    used 1709K, capacity 1886K, committed 1920K, reserved 1048576K
}
Event: 61.415 GC heap before
{Heap before GC invocations=2 (full 0):
 garbage-first heap   total 524288K, used 46003K [0x0000000601a00000, 0x0000000800000000)
  region size 2048K, 22 young (45056K), 1 survivors (2048K)
 Metaspace       used 20759K, capacity 21203K, committed 21248K, reserved 1069056K
  class space    used 2072K, capacity 2260K, committed 2304K, reserved 1048576K
}
Event: 61.418 GC heap after
{Heap after GC invocations=3 (full 0):
 garbage-first heap   total 524288K, used 7865K [0x0000000601a00000, 0x0000000800000000)
  region size 2048K, 3 young (6144K), 3 survivors (6144K)
 Metaspace       used 20759K, capacity 21203K, committed 21248K, reserved 1069056K
  class space    used 2072K, capacity 2260K, committed 2304K, reserved 1048576K
}

Deoptimization events (20 events):
Event: 21.497 Thread 0x00000267c228a800 DEOPT PACKING pc=0x000002679c6430fc sp=0x000000844f6fe500
Event: 21.497 Thread 0x00000267c228a800 DEOPT UNPACKING pc=0x000002679bf0964e sp=0x000000844f6fd9b8 mode 0
Event: 22.576 Thread 0x00000267c228a800 DEOPT PACKING pc=0x000002679c6435dc sp=0x000000844f6fe710
Event: 22.576 Thread 0x00000267c228a800 DEOPT UNPACKING pc=0x000002679bf0964e sp=0x000000844f6fdc08 mode 0
Event: 22.991 Thread 0x00000267c228a800 DEOPT PACKING pc=0x000002679c64d7dc sp=0x000000844f6fe840
Event: 22.991 Thread 0x00000267c228a800 DEOPT UNPACKING pc=0x000002679bf0964e sp=0x000000844f6fdce8 mode 0
Event: 23.705 Thread 0x00000267c228a800 DEOPT PACKING pc=0x000002679c650edc sp=0x000000844f6fe900
Event: 23.705 Thread 0x00000267c228a800 DEOPT UNPACKING pc=0x000002679bf0964e sp=0x000000844f6fddc0 mode 0
Event: 23.977 Thread 0x00000267c228a800 DEOPT PACKING pc=0x000002679c650a5c sp=0x000000844f6fe960
Event: 23.977 Thread 0x00000267c228a800 DEOPT UNPACKING pc=0x000002679bf0964e sp=0x000000844f6fde00 mode 0
Event: 24.140 Thread 0x00000267c228a800 DEOPT PACKING pc=0x000002679c6226a4 sp=0x000000844f6fe9a0
Event: 24.140 Thread 0x00000267c228a800 DEOPT UNPACKING pc=0x000002679bf0964e sp=0x000000844f6fddd0 mode 0
Event: 24.791 Thread 0x00000267c228a800 DEOPT PACKING pc=0x000002679c63438c sp=0x000000844f6fea70
Event: 24.791 Thread 0x00000267c228a800 DEOPT UNPACKING pc=0x000002679bf0964e sp=0x000000844f6fddd0 mode 0
Event: 26.293 Thread 0x00000267c228a800 DEOPT PACKING pc=0x000002679c651c7c sp=0x000000844f6fec30
Event: 26.293 Thread 0x00000267c228a800 DEOPT UNPACKING pc=0x000002679bf0964e sp=0x000000844f6fe130 mode 0
Event: 29.435 Thread 0x00000267c223e000 Uncommon trap: trap_request=0xffffff45 fr.pc=0x00000267a3ae10e8 relative=0x00000000000000c8
Event: 29.435 Thread 0x00000267c223e000 Uncommon trap: reason=unstable_if action=reinterpret pc=0x00000267a3ae10e8 method=java.util.concurrent.locks.AbstractQueuedSynchronizer.signalNext(Ljava/util/concurrent/locks/AbstractQueuedSynchronizer$Node;)V @ 17 c2
Event: 29.436 Thread 0x00000267c223e000 DEOPT PACKING pc=0x00000267a3ae10e8 sp=0x000000844fefd720
Event: 29.436 Thread 0x00000267c223e000 DEOPT UNPACKING pc=0x000002679bf0912f sp=0x000000844fefd6b0 mode 2

Classes unloaded (0 events):
No events

Classes redefined (20 events):
Event: 132.208 Thread 0x00000267c1110800 redefined class name=be.lamattina.jframe.JCreationSpectacle$4, count=1
Event: 132.208 Thread 0x00000267c1110800 redefined class name=be.lamattina.jframe.JCreationSpectacle$5, count=1
Event: 132.208 Thread 0x00000267c1110800 redefined class name=be.lamattina.jframe.JCreationSpectacle$6, count=1
Event: 132.208 Thread 0x00000267c1110800 redefined class name=be.lamattina.jframe.JCreationSpectacle$7, count=1
Event: 142.174 Thread 0x00000267c1110800 redefined class name=be.lamattina.jframe.JCreationSpectacle, count=2
Event: 142.174 Thread 0x00000267c1110800 redefined class name=be.lamattina.jframe.JCreationSpectacle$1, count=2
Event: 142.174 Thread 0x00000267c1110800 redefined class name=be.lamattina.jframe.JCreationSpectacle$2, count=2
Event: 142.174 Thread 0x00000267c1110800 redefined class name=be.lamattina.jframe.JCreationSpectacle$3, count=2
Event: 142.174 Thread 0x00000267c1110800 redefined class name=be.lamattina.jframe.JCreationSpectacle$4, count=2
Event: 142.174 Thread 0x00000267c1110800 redefined class name=be.lamattina.jframe.JCreationSpectacle$5, count=2
Event: 142.174 Thread 0x00000267c1110800 redefined class name=be.lamattina.jframe.JCreationSpectacle$6, count=2
Event: 142.174 Thread 0x00000267c1110800 redefined class name=be.lamattina.jframe.JCreationSpectacle$7, count=2
Event: 182.729 Thread 0x00000267c1110800 redefined class name=be.lamattina.jframe.JCreationSpectacle, count=3
Event: 182.729 Thread 0x00000267c1110800 redefined class name=be.lamattina.jframe.JCreationSpectacle$1, count=3
Event: 182.729 Thread 0x00000267c1110800 redefined class name=be.lamattina.jframe.JCreationSpectacle$2, count=3
Event: 182.729 Thread 0x00000267c1110800 redefined class name=be.lamattina.jframe.JCreationSpectacle$3, count=3
Event: 182.729 Thread 0x00000267c1110800 redefined class name=be.lamattina.jframe.JCreationSpectacle$4, count=3
Event: 182.729 Thread 0x00000267c1110800 redefined class name=be.lamattina.jframe.JCreationSpectacle$5, count=3
Event: 182.729 Thread 0x00000267c1110800 redefined class name=be.lamattina.jframe.JCreationSpectacle$6, count=3
Event: 182.729 Thread 0x00000267c1110800 redefined class name=be.lamattina.jframe.JCreationSpectacle$7, count=3

Internal exceptions (20 events):
Event: 0.153 Thread 0x000002679370c800 Exception <a 'java/lang/IncompatibleClassChangeError'{0x00000006217a6fb8}: Found class java.lang.Object, but interface was expected> (0x00000006217a6fb8) 
thrown [./open/src/hotspot/share/interpreter/linkResolver.cpp, line 832]
Event: 0.154 Thread 0x000002679370c800 Exception <a 'java/lang/NoSuchMethodError'{0x00000006217a99b0}: 'void java.lang.invoke.DirectMethodHandle$Holder.invokeStatic(java.lang.Object, java.lang.Object, java.lang.Object, java.lang.Object)'> (0x00000006217a99b0) 
thrown [./open/src/hotspot/share/interpreter/linkResolver.cpp, line 766]
Event: 0.495 Thread 0x000002679370c800 Exception <a 'java/lang/ClassNotFoundException'{0x00000006210c12e0}: sun/awt/resources/spi/awtProvider> (0x00000006210c12e0) 
thrown [./open/src/hotspot/share/classfile/systemDictionary.cpp, line 226]
Event: 0.515 Thread 0x000002679370c800 Exception <a 'java/io/FileNotFoundException'{0x00000006211204a0}> (0x00000006211204a0) 
thrown [./open/src/hotspot/share/prims/jni.cpp, line 599]
Event: 0.522 Thread 0x000002679370c800 Exception <a 'java/io/FileNotFoundException'{0x00000006211488b0}> (0x00000006211488b0) 
thrown [./open/src/hotspot/share/prims/jni.cpp, line 599]
Event: 0.605 Thread 0x00000267c223e000 Exception <a 'java/lang/NoSuchMethodError'{0x0000000620e84d80}: 'void java.lang.invoke.DirectMethodHandle$Holder.invokeSpecial(java.lang.Object, java.lang.Object)'> (0x0000000620e84d80) 
thrown [./open/src/hotspot/share/interpreter/linkResolver.cpp, line 766]
Event: 0.839 Thread 0x00000267c228a800 Exception <a 'java/lang/NoSuchMethodError'{0x0000000620ca58e8}: 'java.lang.Object java.lang.invoke.DirectMethodHandle$Holder.invokeStatic(java.lang.Object, int, java.lang.Object, java.lang.Object, java.lang.Object, java.lang.Object)'> (0x0000000620ca58e8) 
thrown [./open/src/hotspot/share/interpreter/linkResolver.cpp, line 766]
Event: 0.840 Thread 0x00000267c228a800 Exception <a 'java/lang/NoSuchMethodError'{0x0000000620cac208}: 'java.lang.Object java.lang.invoke.DirectMethodHandle$Holder.invokeStatic(java.lang.Object, int, java.lang.Object, java.lang.Object, java.lang.Object)'> (0x0000000620cac208) 
thrown [./open/src/hotspot/share/interpreter/linkResolver.cpp, line 766]
Event: 0.840 Thread 0x00000267c228a800 Exception <a 'java/lang/NoSuchMethodError'{0x0000000620cafa58}: 'java.lang.Object java.lang.invoke.DirectMethodHandle$Holder.invokeSpecial(java.lang.Object, java.lang.Object, int, java.lang.Object, java.lang.Object, java.lang.Object)'> (0x0000000620cafa58) 
thrown [./open/src/hotspot/share/interpreter/linkResolver.cpp, line 766]
Event: 0.843 Thread 0x00000267c228a800 Exception <a 'java/lang/NoSuchMethodError'{0x0000000620cc6430}: 'java.lang.Object java.lang.invoke.DirectMethodHandle$Holder.invokeStatic(java.lang.Object, int, java.lang.Object)'> (0x0000000620cc6430) 
thrown [./open/src/hotspot/share/interpreter/linkResolver.cpp, line 766]
Event: 0.867 Thread 0x00000267c228a800 Exception <a 'java/lang/ClassNotFoundException'{0x0000000620d790d8}: com/sun/swing/internal/plaf/metal/resources/spi/metalProvider> (0x0000000620d790d8) 
thrown [./open/src/hotspot/share/classfile/systemDictionary.cpp, line 226]
Event: 0.869 Thread 0x00000267c228a800 Exception <a 'java/lang/ClassNotFoundException'{0x0000000620d7fc30}: com/sun/swing/internal/plaf/basic/resources/spi/basicProvider> (0x0000000620d7fc30) 
thrown [./open/src/hotspot/share/classfile/systemDictionary.cpp, line 226]
Event: 0.874 Thread 0x00000267c228a800 Implicit null exception at 0x00000267a39df1a4 to 0x00000267a39df478
Event: 0.874 Thread 0x00000267c228a800 Implicit null exception at 0x00000267a39b4268 to 0x00000267a39b42fa
Event: 0.877 Thread 0x00000267c228a800 Implicit null exception at 0x00000267a39aa1af to 0x00000267a39aa231
Event: 1.000 Thread 0x00000267c228a800 Exception <a 'java/lang/NoSuchMethodError'{0x000000062087d258}: 'void java.lang.invoke.DirectMethodHandle$Holder.invokeStaticInit(java.lang.Object)'> (0x000000062087d258) 
thrown [./open/src/hotspot/share/interpreter/linkResolver.cpp, line 766]
Event: 1.008 Thread 0x00000267c228a800 Exception <a 'java/lang/NoSuchMethodError'{0x00000006208a8bf8}: 'java.lang.Object java.lang.invoke.Invokers$Holder.linkToTargetMethod(java.lang.Object, int, java.lang.Object)'> (0x00000006208a8bf8) 
thrown [./open/src/hotspot/share/interpreter/linkResolver.cpp, line 766]
Event: 2.013 Thread 0x00000267c228a800 Exception <a 'java/lang/NoSuchMethodError'{0x00000006207ec5e0}: 'java.lang.Object java.lang.invoke.DirectMethodHandle$Holder.invokeStaticInit(java.lang.Object, int, int, int, int)'> (0x00000006207ec5e0) 
thrown [./open/src/hotspot/share/interpreter/linkResolver.cpp, line 766]
Event: 2.048 Thread 0x00000267c228a800 Exception <a 'java/lang/NoSuchMethodError'{0x0000000620482d68}: 'java.lang.Object java.lang.invoke.DirectMethodHandle$Holder.invokeStaticInit(java.lang.Object, java.lang.Object, int, int, int, int)'> (0x0000000620482d68) 
thrown [./open/src/hotspot/share/interpreter/linkResolver.cpp, line 766]
Event: 2.099 Thread 0x00000267c228a800 Exception <a 'java/lang/NoClassDefFoundError'{0x00000006203b0e78}: org/apache/log4j/Priority> (0x00000006203b0e78) 
thrown [./open/src/hotspot/share/classfile/systemDictionary.cpp, line 215]

Events (20 events):
Event: 193.626 Executing VM operation: GetOwnedMonitorInfo
Event: 193.626 Executing VM operation: GetOwnedMonitorInfo done
Event: 193.626 Executing VM operation: GetCurrentContendedMonitor
Event: 193.626 Executing VM operation: GetCurrentContendedMonitor done
Event: 193.638 Executing VM operation: GetFrameCount
Event: 193.638 Executing VM operation: GetFrameCount done
Event: 193.638 Executing VM operation: GetOwnedMonitorInfo
Event: 193.638 Executing VM operation: GetOwnedMonitorInfo done
Event: 193.638 Executing VM operation: GetCurrentContendedMonitor
Event: 193.639 Executing VM operation: GetCurrentContendedMonitor done
Event: 193.647 Executing VM operation: GetFrameLocation
Event: 193.647 Executing VM operation: GetFrameLocation done
Event: 193.647 Executing VM operation: get/set locals
Event: 193.647 Executing VM operation: get/set locals done
Event: 193.648 Executing VM operation: GetFrameLocation
Event: 193.648 Executing VM operation: GetFrameLocation done
Event: 193.648 Executing VM operation: get/set locals
Event: 193.648 Executing VM operation: get/set locals done
Event: 193.648 Executing VM operation: GetFrameLocation
Event: 193.648 Executing VM operation: GetFrameLocation done


Dynamic libraries:
0x00007ff7e5b40000 - 0x00007ff7e5b4d000 	C:\dev\java\sdk\jdk-14.0.2\bin\javaw.exe
0x00007ffcc9f30000 - 0x00007ffcca125000 	C:\WINDOWS\SYSTEM32\ntdll.dll
0x00007ffcc9460000 - 0x00007ffcc951d000 	C:\WINDOWS\System32\KERNEL32.DLL
0x00007ffcc7aa0000 - 0x00007ffcc7d69000 	C:\WINDOWS\System32\KERNELBASE.dll
0x00007ffcc7910000 - 0x00007ffcc7a10000 	C:\WINDOWS\System32\ucrtbase.dll
0x00007ffcaed60000 - 0x00007ffcaed75000 	C:\dev\java\sdk\jdk-14.0.2\bin\VCRUNTIME140.dll
0x00007ffcaed40000 - 0x00007ffcaed58000 	C:\dev\java\sdk\jdk-14.0.2\bin\jli.dll
0x00007ffcc8500000 - 0x00007ffcc86a0000 	C:\WINDOWS\System32\USER32.dll
0x00007ffcaf550000 - 0x00007ffcaf7ea000 	C:\WINDOWS\WinSxS\amd64_microsoft.windows.common-controls_6595b64144ccf1df_6.0.19041.1110_none_60b5254171f9507e\COMCTL32.dll
0x00007ffcc7670000 - 0x00007ffcc7692000 	C:\WINDOWS\System32\win32u.dll
0x00007ffcc8c30000 - 0x00007ffcc8cce000 	C:\WINDOWS\System32\msvcrt.dll
0x00007ffcc8060000 - 0x00007ffcc808a000 	C:\WINDOWS\System32\GDI32.dll
0x00007ffcc76a0000 - 0x00007ffcc77ab000 	C:\WINDOWS\System32\gdi32full.dll
0x00007ffcc7f00000 - 0x00007ffcc7f9d000 	C:\WINDOWS\System32\msvcp_win.dll
0x00007ffcc9520000 - 0x00007ffcc9550000 	C:\WINDOWS\System32\IMM32.DLL
0x00007ffc5f990000 - 0x00007ffc5fa2b000 	C:\dev\java\sdk\jdk-14.0.2\bin\msvcp140.dll
0x00007ffc436b0000 - 0x00007ffc441ce000 	C:\dev\java\sdk\jdk-14.0.2\bin\server\jvm.dll
0x00007ffcc9d00000 - 0x00007ffcc9dac000 	C:\WINDOWS\System32\ADVAPI32.dll
0x00007ffcc7fc0000 - 0x00007ffcc805b000 	C:\WINDOWS\System32\sechost.dll
0x00007ffcc8970000 - 0x00007ffcc8a9a000 	C:\WINDOWS\System32\RPCRT4.dll
0x00007ffcc9db0000 - 0x00007ffcc9db8000 	C:\WINDOWS\System32\PSAPI.DLL
0x00007ffca7cd0000 - 0x00007ffca7cd9000 	C:\WINDOWS\SYSTEM32\WSOCK32.dll
0x00007ffcbe170000 - 0x00007ffcbe17a000 	C:\WINDOWS\SYSTEM32\VERSION.dll
0x00007ffcc9c90000 - 0x00007ffcc9cfb000 	C:\WINDOWS\System32\WS2_32.dll
0x00007ffcbba40000 - 0x00007ffcbba67000 	C:\WINDOWS\SYSTEM32\WINMM.dll
0x00007ffcc55c0000 - 0x00007ffcc55d2000 	C:\WINDOWS\SYSTEM32\kernel.appcore.dll
0x00007ffcc3350000 - 0x00007ffcc335a000 	C:\dev\java\sdk\jdk-14.0.2\bin\jimage.dll
0x00007ffca94a0000 - 0x00007ffca9684000 	C:\WINDOWS\SYSTEM32\DBGHELP.DLL
0x00007ffca8cc0000 - 0x00007ffca8cec000 	C:\WINDOWS\SYSTEM32\dbgcore.DLL
0x00007ffcc7a10000 - 0x00007ffcc7a93000 	C:\WINDOWS\System32\bcryptPrimitives.dll
0x00007ffc93ed0000 - 0x00007ffc93f08000 	C:\dev\java\sdk\jdk-14.0.2\bin\jdwp.dll
0x00007ffcc3320000 - 0x00007ffcc3345000 	C:\dev\java\sdk\jdk-14.0.2\bin\java.dll
0x00007ffcc21a0000 - 0x00007ffcc21ae000 	C:\dev\java\sdk\jdk-14.0.2\bin\instrument.dll
0x00007ffcc3300000 - 0x00007ffcc3316000 	C:\dev\java\sdk\jdk-14.0.2\bin\zip.dll
0x00007ffcc9550000 - 0x00007ffcc9c8f000 	C:\WINDOWS\System32\SHELL32.dll
0x00007ffcc57c0000 - 0x00007ffcc5f51000 	C:\WINDOWS\SYSTEM32\windows.storage.dll
0x00007ffcc9030000 - 0x00007ffcc9385000 	C:\WINDOWS\System32\combase.dll
0x00007ffcc70e0000 - 0x00007ffcc710c000 	C:\WINDOWS\SYSTEM32\Wldp.dll
0x00007ffcc8d80000 - 0x00007ffcc8e2e000 	C:\WINDOWS\System32\SHCORE.dll
0x00007ffcc8bd0000 - 0x00007ffcc8c25000 	C:\WINDOWS\System32\shlwapi.dll
0x00007ffcc75b0000 - 0x00007ffcc75cf000 	C:\WINDOWS\SYSTEM32\profapi.dll
0x00007ffcc3290000 - 0x00007ffcc32a9000 	C:\dev\java\sdk\jdk-14.0.2\bin\net.dll
0x00007ffcbeba0000 - 0x00007ffcbecaa000 	C:\WINDOWS\SYSTEM32\WINHTTP.dll
0x00007ffcc6e40000 - 0x00007ffcc6eaa000 	C:\WINDOWS\system32\mswsock.dll
0x00007ffcc3270000 - 0x00007ffcc3282000 	C:\dev\java\sdk\jdk-14.0.2\bin\nio.dll
0x00007ffcc0070000 - 0x00007ffcc007b000 	C:\dev\java\sdk\jdk-14.0.2\bin\dt_socket.dll
0x00007ffcc6ae0000 - 0x00007ffcc6b1b000 	C:\WINDOWS\SYSTEM32\IPHLPAPI.DLL
0x00007ffcc6b30000 - 0x00007ffcc6bfc000 	C:\WINDOWS\SYSTEM32\DNSAPI.dll
0x00007ffcc8e30000 - 0x00007ffcc8e38000 	C:\WINDOWS\System32\NSI.dll
0x00007ffcbe160000 - 0x00007ffcbe16a000 	C:\Windows\System32\rasadhlp.dll
0x00007ffcbe3c0000 - 0x00007ffcbe43f000 	C:\WINDOWS\System32\fwpuclnt.dll
0x00007ffcc7d70000 - 0x00007ffcc7d97000 	C:\WINDOWS\System32\bcrypt.dll
0x00007ffcc32f0000 - 0x00007ffcc3300000 	C:\dev\java\sdk\jdk-14.0.2\bin\verify.dll
0x00007ffc59ae0000 - 0x00007ffc59c78000 	C:\dev\java\sdk\jdk-14.0.2\bin\awt.dll
0x00007ffcc9390000 - 0x00007ffcc945d000 	C:\WINDOWS\System32\OLEAUT32.dll
0x00007ffcc4f20000 - 0x00007ffcc4fb0000 	C:\WINDOWS\SYSTEM32\apphelp.dll
0x00007ffcc50e0000 - 0x00007ffcc517e000 	C:\WINDOWS\system32\uxtheme.dll
0x00007ffcc8ab0000 - 0x00007ffcc8bc5000 	C:\WINDOWS\System32\MSCTF.dll
0x00007ffc6cb40000 - 0x00007ffc6cc79000 	C:\ProgramData\A-Volute\A-Volute.Nahimic\Modules\Scheduled\x64\AudioDevProps2.dll
0x00007ffcc9dc0000 - 0x00007ffcc9eea000 	C:\WINDOWS\System32\ole32.dll
0x00007ffcc52d0000 - 0x00007ffcc52ff000 	C:\WINDOWS\system32\DWMAPI.DLL
0x00007ffc59ed0000 - 0x00007ffc59ff5000 	C:\WINDOWS\system32\opengl32.dll
0x00007ffc92cf0000 - 0x00007ffc92d1c000 	C:\WINDOWS\SYSTEM32\GLU32.dll
0x00007ffcbba70000 - 0x00007ffcbbc3e000 	C:\WINDOWS\system32\d3d9.dll
0x00007ffcbc840000 - 0x00007ffcbc945000 	C:\WINDOWS\System32\DriverStore\FileRepository\nv_dispi.inf_amd64_b2801df14ec7de03\nvldumdx.dll
0x00007ffcc7260000 - 0x00007ffcc7272000 	C:\WINDOWS\SYSTEM32\msasn1.dll
0x00007ffcbda20000 - 0x00007ffcbda51000 	C:\WINDOWS\SYSTEM32\cryptnet.dll
0x00007ffcc7da0000 - 0x00007ffcc7eff000 	C:\WINDOWS\System32\CRYPT32.dll
0x00007ffcc7020000 - 0x00007ffcc702c000 	C:\WINDOWS\SYSTEM32\cryptbase.dll
0x00007ffcc78b0000 - 0x00007ffcc7910000 	C:\WINDOWS\System32\WINTRUST.DLL
0x00007ffcc7fa0000 - 0x00007ffcc7fbd000 	C:\WINDOWS\System32\imagehlp.dll
0x00007ffcc7030000 - 0x00007ffcc7048000 	C:\WINDOWS\SYSTEM32\CRYPTSP.dll
0x00007ffcc6770000 - 0x00007ffcc67a4000 	C:\WINDOWS\system32\rsaenh.dll
0x00007ffc30230000 - 0x00007ffc319e8000 	C:\WINDOWS\System32\DriverStore\FileRepository\nv_dispi.inf_amd64_b2801df14ec7de03\nvd3dumx.dll
0x00007ffc82060000 - 0x00007ffc82323000 	C:\WINDOWS\system32\nvspcap64.dll
0x00007ffcc63a0000 - 0x00007ffcc63d3000 	C:\WINDOWS\SYSTEM32\ntmarta.dll
0x00007ffcc5f70000 - 0x00007ffcc5f93000 	C:\WINDOWS\SYSTEM32\gpapi.dll
0x00007ffcbcfe0000 - 0x00007ffcbd01b000 	C:\WINDOWS\SYSTEM32\dxcore.dll
0x00007ffcc77b0000 - 0x00007ffcc77fe000 	C:\WINDOWS\System32\cfgmgr32.dll
0x00007ffc8dcf0000 - 0x00007ffc8dd72000 	C:\dev\java\sdk\jdk-14.0.2\bin\freetype.dll
0x00007ffc7c070000 - 0x00007ffc7c116000 	C:\dev\java\sdk\jdk-14.0.2\bin\fontmanager.dll
0x00007ffcc8cd0000 - 0x00007ffcc8d79000 	C:\WINDOWS\System32\clbcatq.dll
0x00007ffcbfe90000 - 0x00007ffcc0044000 	C:\WINDOWS\SYSTEM32\WindowsCodecs.dll
0x00007ffc8bf30000 - 0x00007ffc8bf6e000 	C:\WINDOWS\system32\dataexchange.dll
0x00007ffcc3b10000 - 0x00007ffcc3d74000 	C:\WINDOWS\system32\d3d11.dll
0x00007ffcc4340000 - 0x00007ffcc4526000 	C:\WINDOWS\system32\dcomp.dll
0x00007ffcc5fa0000 - 0x00007ffcc6094000 	C:\WINDOWS\system32\dxgi.dll
0x00007ffcc02a0000 - 0x00007ffcc04a1000 	C:\WINDOWS\system32\twinapi.appcore.dll
0x00007ffcbc090000 - 0x00007ffcbc189000 	C:\WINDOWS\SYSTEM32\textinputframework.dll
0x00007ffcc4c10000 - 0x00007ffcc4d02000 	C:\WINDOWS\System32\CoreMessaging.dll
0x00007ffcc48b0000 - 0x00007ffcc4c0e000 	C:\WINDOWS\System32\CoreUIComponents.dll
0x00007ffcc3550000 - 0x00007ffcc36a4000 	C:\WINDOWS\SYSTEM32\wintypes.dll
0x00007ffcc7570000 - 0x00007ffcc759e000 	C:\WINDOWS\SYSTEM32\USERENV.dll
0x00007ffcc09a0000 - 0x00007ffcc09b7000 	C:\WINDOWS\SYSTEM32\dhcpcsvc6.DLL
0x00007ffcc0980000 - 0x00007ffcc099d000 	C:\WINDOWS\SYSTEM32\dhcpcsvc.DLL

dbghelp: loaded successfully - version: 4.0.5 - missing functions: none
symbol engine: initialized successfully - sym options: 0x614 - pdb path: .;C:\dev\java\sdk\jdk-14.0.2\bin;C:\WINDOWS\SYSTEM32;C:\WINDOWS\WinSxS\amd64_microsoft.windows.common-controls_6595b64144ccf1df_6.0.19041.1110_none_60b5254171f9507e;C:\dev\java\sdk\jdk-14.0.2\bin\server;C:\ProgramData\A-Volute\A-Volute.Nahimic\Modules\Scheduled\x64;C:\WINDOWS\System32\DriverStore\FileRepository\nv_dispi.inf_amd64_b2801df14ec7de03

VM Arguments:
jvm_args: -XX:+ShowCodeDetailsInExceptionMessages -agentlib:jdwp=transport=dt_socket,suspend=y,address=localhost:63766 -javaagent:C:\dev\java\eclipse-2020.09\configuration\org.eclipse.osgi\406\0\.cp\lib\javaagent-shaded.jar -Dfile.encoding=Cp1252 --module-path=D:\Nicol\Documents\ecole_3_2021\java\commons-lang3-3.8.1.jar;D:\Nicol\Documents\ecole_3_2021\java\commons-logging-1.2.jar;D:\Nicol\Documents\ecole_3_2021\java\hsqldb-2.5.0.jar;D:\Nicol\Documents\ecole_3_2021\java\jackcess-3.0.1.jar;D:\Nicol\Documents\ecole_3_2021\java\jcalendar-1.4.jar;D:\Nicol\Documents\ecole_3_2021\java\jdatepicker-1.3.4.jar;D:\Nicol\Documents\ecole_3_2021\java\ucanaccess-5.0.0.jar 
java_command: be.lamattina.jframe.JCreationSpectacle
java_class_path (initial): D:\Nicol\Documents\ecole_3_2021\java\bin
Launcher Type: SUN_STANDARD

[Global flags]
     intx CICompilerCount                          = 4                                         {product} {ergonomic}
     uint ConcGCThreads                            = 3                                         {product} {ergonomic}
     uint G1ConcRefinementThreads                  = 10                                        {product} {ergonomic}
   size_t G1HeapRegionSize                         = 2097152                                   {product} {ergonomic}
    uintx GCDrainStackTargetSize                   = 64                                        {product} {ergonomic}
   size_t InitialHeapSize                          = 536870912                                 {product} {ergonomic}
   size_t MarkStackSize                            = 4194304                                   {product} {ergonomic}
   size_t MaxHeapSize                              = 8562671616                                {product} {ergonomic}
   size_t MaxNewSize                               = 5135925248                                {product} {ergonomic}
   size_t MinHeapDeltaBytes                        = 2097152                                   {product} {ergonomic}
   size_t MinHeapSize                              = 8388608                                   {product} {ergonomic}
    uintx NonNMethodCodeHeapSize                   = 5839372                                {pd product} {ergonomic}
    uintx NonProfiledCodeHeapSize                  = 122909434                              {pd product} {ergonomic}
    uintx ProfiledCodeHeapSize                     = 122909434                              {pd product} {ergonomic}
    uintx ReservedCodeCacheSize                    = 251658240                              {pd product} {ergonomic}
     bool SegmentedCodeCache                       = true                                      {product} {ergonomic}
     bool ShowCodeDetailsInExceptionMessages       = true                                   {manageable} {command line}
   size_t SoftMaxHeapSize                          = 8562671616                             {manageable} {ergonomic}
     bool UseCompressedClassPointers               = true                                 {lp64_product} {ergonomic}
     bool UseCompressedOops                        = true                                 {lp64_product} {ergonomic}
     bool UseG1GC                                  = true                                      {product} {ergonomic}
     bool UseLargePagesIndividualAllocation        = false                                  {pd product} {ergonomic}

Logging:
Log output configuration:
 #0: stdout all=warning uptime,level,tags
 #1: stderr all=off uptime,level,tags

Environment Variables:
JAVA_HOME=C:\dev\java\sdk\jdk-14.0.2
PATH=C:/dev/java/sdk/jdk-14.0.2/bin/server;C:/dev/java/sdk/jdk-14.0.2/bin;C:\dev\java\sdk\jdk-14.0.2\bin;c:\Program Files\Git\cmd;C:\Users\Nicol;C:\dev\java\eclipse-2020.09;
USERNAME=Nico
OS=Windows_NT
PROCESSOR_IDENTIFIER=Intel64 Family 6 Model 165 Stepping 3, GenuineIntel



---------------  S Y S T E M  ---------------

OS: Windows 10 , 64 bit Build 19041 (10.0.19041.1023)
OS uptime: 0 days 7:51 hours

CPU:total 12 (initial active 12) (6 cores per cpu, 2 threads per core) family 6 model 165 stepping 3, cmov, cx8, fxsr, mmx, sse, sse2, sse3, ssse3, sse4.1, sse4.2, popcnt, avx, avx2, aes, clmul, erms, 3dnowpref, lzcnt, ht, tsc, tscinvbit, bmi1, bmi2, adx, fma

Memory: 4k page, system-wide physical 32656M (20274M free)
TotalPageFile size 37520M (AvailPageFile size 13184M)
current process WorkingSet (physical memory assigned to process): 125M, peak: 177M
current process commit charge ("private bytes"): 202M, peak: 707M

vm_info: OpenJDK 64-Bit Server VM (14.0.2+12-46) for windows-amd64 JRE (14.0.2+12-46), built on Jul  9 2020 00:31:16 by "mach5one" with MS VC++ 15.9 (VS2017)

END.
